agent started
2019-12-30T22:09:09.697687Z	info	parsed scheme: ""
2019-12-30T22:09:09.697913Z	info	scheme "" not registered, fallback to default scheme
2019-12-30T22:09:09.698066Z	info	ccResolverWrapper: sending update to cc: {[{localhost:8000 0  <nil>}] <nil>}
2019-12-30T22:09:09.698164Z	info	ClientConn switching balancer to "pick_first"
2019-12-30T22:09:09.698217Z	info	proxy id debug proxy1
2019-12-30T22:09:09.698377Z	info	blockingPicker: the picked transport is not ready, loop back to repick
2019-12-30T22:09:09.698421Z	info	pickfirstBalancer: HandleSubConnStateChange: 0xc0000d9b60, CONNECTING
2019-12-30T22:09:09.701278Z	info	pickfirstBalancer: HandleSubConnStateChange: 0xc0000d9b60, READY
2019-12-30T22:09:15.527999Z	info	received server info: iii-3
2019-12-30T22:09:15.528115Z	info	received server info: iii-4
2019-12-30T22:09:15.528192Z	info	delay duration 2s before responded
2019-12-30T22:09:15.528196Z	info	delay duration 1s before responded
2019-12-30T22:09:15.684601Z	info	received server info: iii-5
2019-12-30T22:09:15.684755Z	info	delay duration 2s before responded
2019-12-30T22:09:15.751367Z	info	received server info: iii-1
2019-12-30T22:09:15.751507Z	info	delay duration 4s before responded
2019-12-30T22:09:15.795007Z	info	received server info: iii-2
2019-12-30T22:09:15.795086Z	info	delay duration 1s before responded
2019-12-30T22:09:16.528453Z	info	finish handling request: iii-3
2019-12-30T22:09:16.795420Z	info	finish handling request: iii-2
2019-12-30T22:09:17.528345Z	info	finish handling request: iii-4
2019-12-30T22:09:17.684958Z	info	finish handling request: iii-5
2019-12-30T22:09:19.751705Z	info	finish handling request: iii-1
